0 info it worked if it ends with ok
1 verbose cli [ '/usr/local/bin/node', '/usr/local/bin/npm', 'publish' ]
2 info using npm@3.3.12
3 info using node@v5.1.1
4 verbose publish [ '.' ]
5 silly cache add args [ '.', null ]
6 verbose cache add spec .
7 silly cache add parsed spec Result {
7 silly cache add   raw: '.',
7 silly cache add   scope: null,
7 silly cache add   name: null,
7 silly cache add   rawSpec: '.',
7 silly cache add   spec: '/Users/mighty/personal/butane/butanecss-grid',
7 silly cache add   type: 'directory' }
8 verbose addLocalDirectory /Users/mighty/.npm/butanecss-grid/1.1.0/package.tgz not in flight; packing
9 info lifecycle butanecss-grid@1.1.0~prepublish: butanecss-grid@1.1.0
10 silly lifecycle butanecss-grid@1.1.0~prepublish: no script for prepublish, continuing
11 verbose tar pack [ '/Users/mighty/.npm/butanecss-grid/1.1.0/package.tgz',
11 verbose tar pack   '/Users/mighty/personal/butane/butanecss-grid' ]
12 verbose tarball /Users/mighty/.npm/butanecss-grid/1.1.0/package.tgz
13 verbose folder /Users/mighty/personal/butane/butanecss-grid
14 verbose addLocalTarball adding from inside cache /Users/mighty/.npm/butanecss-grid/1.1.0/package.tgz
15 silly cache afterAdd butanecss-grid@1.1.0
16 verbose afterAdd /Users/mighty/.npm/butanecss-grid/1.1.0/package/package.json not in flight; writing
17 verbose afterAdd /Users/mighty/.npm/butanecss-grid/1.1.0/package/package.json written
18 silly publish { name: 'butanecss-grid',
18 silly publish   version: '1.1.0',
18 silly publish   description: 'ButaneCSS Grid is a simple lightweight flex based grid system',
18 silly publish   keywords: [ 'flexbox', 'grid', 'butanecss' ],
18 silly publish   devDependencies:
18 silly publish    { 'browser-sync': '^2.10.0',
18 silly publish      cssnext: '^1.8.4',
18 silly publish      gulp: '~3.9.0',
18 silly publish      'gulp-autoprefixer': '^3.1.0',
18 silly publish      'gulp-banner': '^0.1.3',
18 silly publish      'gulp-postcss': '^6.1.0',
18 silly publish      'gulp-rename': '^1.2.2',
18 silly publish      'postcss-reporter': '^1.3.3' },
18 silly publish   author: { name: 'Alex Carpenter' },
18 silly publish   license: 'MIT',
18 silly publish   readme: '# ButaneCSS Grid\n\n[![GitHub version](https://badge.fury.io/gh/ButaneCSS%2Fbutanecss-grid.svg)](https://badge.fury.io/gh/ButaneCSS%2Fbutanecss-grid)\n[![devDependency Status](https://img.shields.io/david/dev/ButaneCSS/butanecss-grid.svg)](https://david-dm.org/ButaneCSS/butanecss-grid#info=devDependencies)\n\nButaneCSS Grid on [CodePen](http://codepen.io/alexcarpenter/pen/QyBrwP?editors=1100)\n\n## Getting Started\n\nThe fastest way to get started is to load ButaneCSS Grid from the CDN: `https://npmcdn.com/butanecss-grid@1.1.0/dist/butanecss-grid.min.css`\n\nor start building the project locally:\n```shell\ngit clone https://github.com/ButaneCSS/butane-grid.git\ncd butane-grid\nnpm i\ngulp\n```\n\n## Usage\n```html\n<div class="o-grid">\n\t<div class="o-grid__item u-w6@sm">\n\t\t<p>Example grid item text.</p>\n\t</div>\n\t<div class="o-grid__item u-w6@sm">\n\t\t<p>Example grid item text.</p>\n\t</div>\n\t<div class="o-grid__item u-w6 u-w3@sm">\n\t\t<p>Example grid item text.</p>\n\t</div>\n\t<div class="o-grid__item u-w6 u-w3@sm">\n\t\t<p>Example grid item text.</p>\n\t</div>\n\t<div class="o-grid__item u-w6 u-w3@sm">\n\t\t<p>Example grid item text.</p>\n\t</div>\n\t<div class="o-grid__item u-w6 u-w3@sm">\n\t\t<p>Example grid item text.</p>\n\t</div>\n</div>\n```\n\n## Author\n- [Website](http://alexcarpenter.me)\n- [Twitter](https://twitter.com/hybrid_alex)\n- [Github](https://github.com/alexcarpenter)\n\n## Contributing\n- Navigate to the main page of the repository\n- [Fork it!](https://github.com/ButaneCSS/butanecss-grid#fork-destination-box)\n- Create your feature branch: git checkout -b my-new-feature\n- Commit your changes: git commit -m \'Add some feature\'\n- Push to the branch: git push origin my-new-feature\n- Submit a pull request\n\n## License\n[MIT](https://github.com/ButaneCSS/butane-grid/blob/master/LICENSE)\n',
18 silly publish   readmeFilename: 'README.md',
18 silly publish   gitHead: '19a75b8f66eb4e270bafede8e0dbc634bae83f22',
18 silly publish   _id: 'butanecss-grid@1.1.0',
18 silly publish   scripts: {},
18 silly publish   _shasum: '3bf8dac8a66053cf43840c69b81d03ea4d968976',
18 silly publish   _from: '.' }
19 verbose getPublishConfig undefined
20 silly mapToRegistry name butanecss-grid
21 silly mapToRegistry using default registry
22 silly mapToRegistry registry https://registry.npmjs.org/
23 silly mapToRegistry uri https://registry.npmjs.org/butanecss-grid
24 verbose publish registryBase https://registry.npmjs.org/
25 silly publish uploading /Users/mighty/.npm/butanecss-grid/1.1.0/package.tgz
26 verbose request uri https://registry.npmjs.org/butanecss-grid
27 verbose request sending authorization for write operation
28 info attempt registry request try #1 at 9:03:21 AM
29 verbose request using bearer token for auth
30 verbose request id 1e096f2ffbd9290d
31 http request PUT https://registry.npmjs.org/butanecss-grid
32 http 403 https://registry.npmjs.org/butanecss-grid
33 verbose headers { 'content-type': 'application/json',
33 verbose headers   'cache-control': 'max-age=300',
33 verbose headers   'content-length': '95',
33 verbose headers   'accept-ranges': 'bytes',
33 verbose headers   date: 'Fri, 18 Mar 2016 13:03:21 GMT',
33 verbose headers   via: '1.1 varnish',
33 verbose headers   connection: 'keep-alive',
33 verbose headers   'x-served-by': 'cache-dfw1842-DFW',
33 verbose headers   'x-cache': 'MISS',
33 verbose headers   'x-cache-hits': '0',
33 verbose headers   'x-timer': 'S1458306200.991776,VS0,VE831' }
34 verbose request invalidating /Users/mighty/.npm/registry.npmjs.org/butanecss-grid on PUT
35 error publish Failed PUT 403
36 verbose stack Error: "You cannot publish over the previously published version 1.1.0." : butanecss-grid
36 verbose stack     at makeError (/usr/local/lib/node_modules/npm/node_modules/npm-registry-client/lib/request.js:264:12)
36 verbose stack     at CachingRegistryClient.<anonymous> (/usr/local/lib/node_modules/npm/node_modules/npm-registry-client/lib/request.js:252:14)
36 verbose stack     at Request._callback (/usr/local/lib/node_modules/npm/node_modules/npm-registry-client/lib/request.js:172:14)
36 verbose stack     at Request.self.callback (/usr/local/lib/node_modules/npm/node_modules/request/request.js:198:22)
36 verbose stack     at emitTwo (events.js:87:13)
36 verbose stack     at Request.emit (events.js:172:7)
36 verbose stack     at Request.<anonymous> (/usr/local/lib/node_modules/npm/node_modules/request/request.js:1082:10)
36 verbose stack     at emitOne (events.js:82:20)
36 verbose stack     at Request.emit (events.js:169:7)
36 verbose stack     at IncomingMessage.<anonymous> (/usr/local/lib/node_modules/npm/node_modules/request/request.js:1009:12)
37 verbose statusCode 403
38 verbose pkgid butanecss-grid
39 verbose cwd /Users/mighty/personal/butane/butanecss-grid
40 error Darwin 15.0.0
41 error argv "/usr/local/bin/node" "/usr/local/bin/npm" "publish"
42 error node v5.1.1
43 error npm  v3.3.12
44 error code E403
45 error "You cannot publish over the previously published version 1.1.0." : butanecss-grid
46 error If you need help, you may report this error at:
46 error     <https://github.com/npm/npm/issues>
47 verbose exit [ 1, true ]
